<?xml version="1.0" encoding="UTF-8"?>
<!-- Generated by org.testng.reporters.JUnitReportReporter -->
<testsuite hostname="DESKTOP-GN0JGJR" failures="0" tests="1" name="com.training.sanity.tests.UNF_066" time="15.623" errors="0" timestamp="2020-09-09T17:18:09 EDT" skipped="0">
  <testcase classname="com.training.sanity.tests.UNF_066" name="AdminAddingProduct" time="15.623"/>
  <system-out/>
</testsuite> <!-- com.training.sanity.tests.UNF_066 -->
