<?xml version="1.0" encoding="UTF-8"?>
<!-- Generated by org.testng.reporters.JUnitReportReporter -->
<testsuite hostname="DESKTOP-GN0JGJR" failures="0" tests="1" name="com.training.sanity.tests.UNF_034" time="47.710" errors="0" timestamp="2020-08-31T22:25:39 EDT" skipped="0">
  <testcase classname="com.training.sanity.tests.UNF_034" name="guestUserOrder" time="47.710"/>
  <system-out/>
</testsuite> <!-- com.training.sanity.tests.UNF_034 -->
