<?xml version="1.0" encoding="UTF-8"?>
<!-- Generated by org.testng.reporters.JUnitReportReporter -->
<testsuite hostname="DESKTOP-GN0JGJR" failures="0" tests="5" name="com.training.sanity.tests.UNF_064" time="25.184" errors="0" timestamp="2020-09-01T22:29:46 EDT" skipped="0">
  <testcase classname="com.training.sanity.tests.UNF_064" name="Login" time="3.013"/>
  <system-out/>
  <testcase classname="com.training.sanity.tests.UNF_064" name="AdminAddXlsData" time="6.670"/>
  <system-out/>
  <testcase classname="com.training.sanity.tests.UNF_064" name="AdminAddXlsData" time="5.757"/>
  <system-out/>
  <testcase classname="com.training.sanity.tests.UNF_064" name="AdminAddXlsData" time="5.069"/>
  <system-out/>
  <testcase classname="com.training.sanity.tests.UNF_064" name="AdminAddXlsData" time="4.675"/>
  <system-out/>
</testsuite> <!-- com.training.sanity.tests.UNF_064 -->
