<?xml version="1.0" encoding="UTF-8"?>
<!-- Generated by org.testng.reporters.JUnitReportReporter -->
<testsuite hostname="DESKTOP-GN0JGJR" failures="0" tests="1" name="com.training.sanity.tests.UNF_065" time="17.649" errors="0" timestamp="2020-09-09T13:24:00 EDT" skipped="0">
  <testcase classname="com.training.sanity.tests.UNF_065" name="AdminAddingProduct" time="17.649"/>
  <system-out/>
</testsuite> <!-- com.training.sanity.tests.UNF_065 -->
