<?xml version="1.0" encoding="UTF-8"?>
<!-- Generated by org.testng.reporters.JUnitReportReporter -->
<testsuite hostname="DESKTOP-GN0JGJR" failures="0" tests="1" name="com.training.sanity.tests.UNF_66TC" time="17.540" errors="0" timestamp="2020-09-09T16:12:08 EDT" skipped="0">
  <testcase classname="com.training.sanity.tests.UNF_66TC" name="AdminAddingProduct" time="17.540"/>
  <system-out/>
</testsuite> <!-- com.training.sanity.tests.UNF_66TC -->
