<?xml version="1.0" encoding="UTF-8"?>
<!-- Generated by org.testng.reporters.JUnitReportReporter -->
<testsuite hostname="DESKTOP-GN0JGJR" failures="0" tests="1" name="com.training.sanity.tests.UFM_004" time="17.702" errors="0" timestamp="2020-08-21T19:33:33 EDT" skipped="0">
  <testcase classname="com.training.sanity.tests.UFM_004" name="validOrderHistTest" time="17.702"/>
  <system-out/>
</testsuite> <!-- com.training.sanity.tests.UFM_004 -->
