<?xml version="1.0" encoding="UTF-8"?>
<!-- Generated by org.testng.reporters.JUnitReportReporter -->
<testsuite hostname="DESKTOP-GN0JGJR" failures="0" tests="1" name="com.training.sanity.tests.UNF_035" time="30.827" errors="0" timestamp="2020-09-04T11:15:11 EDT" skipped="0">
  <testcase classname="com.training.sanity.tests.UNF_035" name="AdminAddProduct" time="30.827"/>
  <system-out/>
</testsuite> <!-- com.training.sanity.tests.UNF_035 -->
