<?xml version="1.0" encoding="UTF-8"?>
<!-- Generated by org.testng.reporters.JUnitReportReporter -->
<testsuite hostname="DESKTOP-GN0JGJR" failures="0" tests="5" name="com.training.sanity.tests.UNF_064" time="26.732" errors="0" timestamp="2020-09-09T16:51:55 EDT" skipped="0">
  <testcase classname="com.training.sanity.tests.UNF_064" name="Login" time="3.372"/>
  <system-out/>
  <testcase classname="com.training.sanity.tests.UNF_064" name="AdminAddXlsData" time="5.878"/>
  <system-out/>
  <testcase classname="com.training.sanity.tests.UNF_064" name="AdminAddXlsData" time="5.511"/>
  <system-out/>
  <testcase classname="com.training.sanity.tests.UNF_064" name="AdminAddXlsData" time="5.990"/>
  <system-out/>
  <testcase classname="com.training.sanity.tests.UNF_064" name="AdminAddXlsData" time="5.981"/>
  <system-out/>
</testsuite> <!-- com.training.sanity.tests.UNF_064 -->
