<?xml version="1.0" encoding="UTF-8"?>
<!-- Generated by org.testng.reporters.JUnitReportReporter -->
<testsuite hostname="DESKTOP-GN0JGJR" failures="0" tests="1" name="com.training.sanity.tests.LoginTests" time="11.995" errors="0" timestamp="2020-08-21T19:55:11 EDT" skipped="0">
  <testcase classname="com.training.sanity.tests.LoginTests" name="validLoginTest" time="11.995"/>
  <system-out/>
</testsuite> <!-- com.training.sanity.tests.LoginTests -->
