<?xml version="1.0" encoding="UTF-8"?>
<!-- Generated by org.testng.reporters.JUnitReportReporter -->
<testsuite hostname="DESKTOP-GN0JGJR" failures="0" tests="1" name="com.training.sanity.tests.UNF_036" time="16.666" errors="0" timestamp="2020-09-01T19:29:10 EDT" skipped="0">
  <testcase classname="com.training.sanity.tests.UNF_036" name="UserReturnsOrder" time="16.666"/>
  <system-out/>
</testsuite> <!-- com.training.sanity.tests.UNF_036 -->
