<?xml version="1.0" encoding="UTF-8"?>
<!-- Generated by org.testng.reporters.JUnitReportReporter -->
<testsuite hostname="DESKTOP-GN0JGJR" failures="0" tests="1" name="com.training.sanity.tests.NewTest1" time="21.722" errors="0" timestamp="2020-09-01T19:43:29 EDT" skipped="0">
  <testcase classname="com.training.sanity.tests.NewTest1" name="AdminAddProduct1" time="21.722"/>
  <system-out/>
</testsuite> <!-- com.training.sanity.tests.NewTest1 -->
