<?xml version="1.0" encoding="UTF-8"?>
<!-- Generated by org.testng.reporters.JUnitReportReporter -->
<testsuite hostname="DESKTOP-GN0JGJR" failures="0" tests="1" name="com.training.sanity.tests.UFM_005" time="13.694" errors="0" timestamp="2020-08-27T23:45:55 EDT" skipped="0">
  <testcase classname="com.training.sanity.tests.UFM_005" name="validMyAccountTest" time="13.694"/>
  <system-out/>
</testsuite> <!-- com.training.sanity.tests.UFM_005 -->
