<?xml version="1.0" encoding="UTF-8"?>
<!-- Generated by org.testng.reporters.JUnitReportReporter -->
<testsuite hostname="DESKTOP-GN0JGJR" failures="0" tests="1" name="com.training.sanity.tests.UFM_006" time="15.037" errors="0" timestamp="2020-08-21T19:53:25 EDT" skipped="0">
  <testcase classname="com.training.sanity.tests.UFM_006" name="validPassowrdTest" time="15.037"/>
  <system-out/>
</testsuite> <!-- com.training.sanity.tests.UFM_006 -->
